20:21:56 **** Build of configuration CMSIS_DSPLIB_CM4 for project CMSIS_DSPLIB_SRC ****
make -r -j8 all 
Building file: ../src/dspcode/StatisticsFunctions/arm_var_q31.c
Building file: ../src/dspcode/MatrixFunctions/arm_mat_add_f32.c
Invoking: MCU C Compiler
arm-none-eabi-gcc -D__REDLIB__ -DNDEBUG -D__CODE_RED -DARM_MATH_CM4 -D__FPU_PRESENT=1 -I../inc -I../inc_cmsis -O2 -g3 -c -fmessage-length=0 -fno-builtin -ffunction-sections -fdata-sections -fsingle-precision-constant -fno-strict-aliasing -fmacro-prefix-map="../src/dspcode/StatisticsFunctions/"= -mcpu=cortex-m4 -mfpu=fpv4-sp-d16 -mfloat-abi=softfp -mthumb -D__REDLIB__ -fstack-usage -specs=redlib.specs -MMD -MP -MF"src/dspcode/StatisticsFunctions/arm_var_q31.d" -MT"src/dspcode/StatisticsFunctions/arm_var_q31.o" -MT"src/dspcode/StatisticsFunctions/arm_var_q31.d" -o "src/dspcode/StatisticsFunctions/arm_var_q31.o" "../src/dspcode/StatisticsFunctions/arm_var_q31.c"
Invoking: MCU C Compiler
arm-none-eabi-gcc -D__REDLIB__ -DNDEBUG -D__CODE_RED -DARM_MATH_CM4 -D__FPU_PRESENT=1 -I../inc -I../inc_cmsis -O2 -g3 -c -fmessage-length=0 -fno-builtin -ffunction-sections -fdata-sections -fsingle-precision-constant -fno-strict-aliasing -fmacro-prefix-map="../src/dspcode/MatrixFunctions/"= -mcpu=cortex-m4 -mfpu=fpv4-sp-d16 -mfloat-abi=softfp -mthumb -D__REDLIB__ -fstack-usage -specs=redlib.specs -MMD -MP -MF"src/dspcode/MatrixFunctions/arm_mat_add_f32.d" -MT"src/dspcode/MatrixFunctions/arm_mat_add_f32.o" -MT"src/dspcode/MatrixFunctions/arm_mat_add_f32.d" -o "src/dspcode/MatrixFunctions/arm_mat_add_f32.o" "../src/dspcode/MatrixFunctions/arm_mat_add_f32.c"
Building file: ../src/dspcode/MatrixFunctions/arm_mat_add_q15.c
Building file: ../src/dspcode/MatrixFunctions/arm_mat_add_q31.c
Invoking: MCU C Compiler
arm-none-eabi-gcc -D__REDLIB__ -DNDEBUG -D__CODE_RED -DARM_MATH_CM4 -D__FPU_PRESENT=1 -I../inc -I../inc_cmsis -O2 -g3 -c -fmessage-length=0 -fno-builtin -ffunction-sections -fdata-sections -fsingle-precision-constant -fno-strict-aliasing -fmacro-prefix-map="../src/dspcode/MatrixFunctions/"= -mcpu=cortex-m4 -mfpu=fpv4-sp-d16 -mfloat-abi=softfp -mthumb -D__REDLIB__ -fstack-usage -specs=redlib.specs -MMD -MP -MF"src/dspcode/MatrixFunctions/arm_mat_add_q15.d" -MT"src/dspcode/MatrixFunctions/arm_mat_add_q15.o" -MT"src/dspcode/MatrixFunctions/arm_mat_add_q15.d" -o "src/dspcode/MatrixFunctions/arm_mat_add_q15.o" "../src/dspcode/MatrixFunctions/arm_mat_add_q15.c"
Invoking: MCU C Compiler
arm-none-eabi-gcc -D__REDLIB__ -DNDEBUG -D__CODE_RED -DARM_MATH_CM4 -D__FPU_PRESENT=1 -I../inc -I../inc_cmsis -O2 -g3 -c -fmessage-length=0 -fno-builtin -ffunction-sections -fdata-sections -fsingle-precision-constant -fno-strict-aliasing -fmacro-prefix-map="../src/dspcode/MatrixFunctions/"= -mcpu=cortex-m4 -mfpu=fpv4-sp-d16 -mfloat-abi=softfp -mthumb -D__REDLIB__ -fstack-usage -specs=redlib.specs -MMD -MP -MF"src/dspcode/MatrixFunctions/arm_mat_add_q31.d" -MT"src/dspcode/MatrixFunctions/arm_mat_add_q31.o" -MT"src/dspcode/MatrixFunctions/arm_mat_add_q31.d" -o "src/dspcode/MatrixFunctions/arm_mat_add_q31.o" "../src/dspcode/MatrixFunctions/arm_mat_add_q31.c"
Finished building: ../src/dspcode/StatisticsFunctions/arm_var_q31.c
Finished building: ../src/dspcode/MatrixFunctions/arm_mat_add_f32.c
 
 
Building file: ../src/dspcode/MatrixFunctions/arm_mat_init_f32.c
Building file: ../src/dspcode/MatrixFunctions/arm_mat_init_q15.c
Invoking: MCU C Compiler
Finished building: ../src/dspcode/MatrixFunctions/arm_mat_add_q15.c
Finished building: ../src/dspcode/MatrixFunctions/arm_mat_add_q31.c
arm-none-eabi-gcc -D__REDLIB__ -DNDEBUG -D__CODE_RED -DARM_MATH_CM4 -D__FPU_PRESENT=1 -I../inc -I../inc_cmsis -O2 -g3 -c -fmessage-length=0 -fno-builtin -ffunction-sections -fdata-sections -fsingle-precision-constant -fno-strict-aliasing -fmacro-prefix-map="../src/dspcode/MatrixFunctions/"= -mcpu=cortex-m4 -mfpu=fpv4-sp-d16 -mfloat-abi=softfp -mthumb -D__REDLIB__ -fstack-usage -specs=redlib.specs -MMD -MP -MF"src/dspcode/MatrixFunctions/arm_mat_init_f32.d" -MT"src/dspcode/MatrixFunctions/arm_mat_init_f32.o" -MT"src/dspcode/MatrixFunctions/arm_mat_init_f32.d" -o "src/dspcode/MatrixFunctions/arm_mat_init_f32.o" "../src/dspcode/MatrixFunctions/arm_mat_init_f32.c"
Invoking: MCU C Compiler
 
arm-none-eabi-gcc -D__REDLIB__ -DNDEBUG -D__CODE_RED -DARM_MATH_CM4 -D__FPU_PRESENT=1 -I../inc -I../inc_cmsis -O2 -g3 -c -fmessage-length=0 -fno-builtin -ffunction-sections -fdata-sections -fsingle-precision-constant -fno-strict-aliasing -fmacro-prefix-map="../src/dspcode/MatrixFunctions/"= -mcpu=cortex-m4 -mfpu=fpv4-sp-d16 -mfloat-abi=softfp -mthumb -D__REDLIB__ -fstack-usage -specs=redlib.specs -MMD -MP -MF"src/dspcode/MatrixFunctions/arm_mat_init_q15.d" -MT"src/dspcode/MatrixFunctions/arm_mat_init_q15.o" -MT"src/dspcode/MatrixFunctions/arm_mat_init_q15.d" -o "src/dspcode/MatrixFunctions/arm_mat_init_q15.o" "../src/dspcode/MatrixFunctions/arm_mat_init_q15.c"
 
Building file: ../src/dspcode/MatrixFunctions/arm_mat_init_q31.c
Building file: ../src/dspcode/MatrixFunctions/arm_mat_inverse_f32.c
Invoking: MCU C Compiler
Invoking: MCU C Compiler
arm-none-eabi-gcc -D__REDLIB__ -DNDEBUG -D__CODE_RED -DARM_MATH_CM4 -D__FPU_PRESENT=1 -I../inc -I../inc_cmsis -O2 -g3 -c -fmessage-length=0 -fno-builtin -ffunction-sections -fdata-sections -fsingle-precision-constant -fno-strict-aliasing -fmacro-prefix-map="../src/dspcode/MatrixFunctions/"= -mcpu=cortex-m4 -mfpu=fpv4-sp-d16 -mfloat-abi=softfp -mthumb -D__REDLIB__ -fstack-usage -specs=redlib.specs -MMD -MP -MF"src/dspcode/MatrixFunctions/arm_mat_init_q31.d" -MT"src/dspcode/MatrixFunctions/arm_mat_init_q31.o" -MT"src/dspcode/MatrixFunctions/arm_mat_init_q31.d" -o "src/dspcode/MatrixFunctions/arm_mat_init_q31.o" "../src/dspcode/MatrixFunctions/arm_mat_init_q31.c"
Finished building: ../src/dspcode/MatrixFunctions/arm_mat_init_f32.c
arm-none-eabi-gcc -D__REDLIB__ -DNDEBUG -D__CODE_RED -DARM_MATH_CM4 -D__FPU_PRESENT=1 -I../inc -I../inc_cmsis -O2 -g3 -c -fmessage-length=0 -fno-builtin -ffunction-sections -fdata-sections -fsingle-precision-constant -fno-strict-aliasing -fmacro-prefix-map="../src/dspcode/MatrixFunctions/"= -mcpu=cortex-m4 -mfpu=fpv4-sp-d16 -mfloat-abi=softfp -mthumb -D__REDLIB__ -fstack-usage -specs=redlib.specs -MMD -MP -MF"src/dspcode/MatrixFunctions/arm_mat_inverse_f32.d" -MT"src/dspcode/MatrixFunctions/arm_mat_inverse_f32.o" -MT"src/dspcode/MatrixFunctions/arm_mat_inverse_f32.d" -o "src/dspcode/MatrixFunctions/arm_mat_inverse_f32.o" "../src/dspcode/MatrixFunctions/arm_mat_inverse_f32.c"
Finished building: ../src/dspcode/MatrixFunctions/arm_mat_init_q15.c
 
 
Building file: ../src/dspcode/MatrixFunctions/arm_mat_mult_f32.c
Building file: ../src/dspcode/MatrixFunctions/arm_mat_mult_fast_q15.c
Finished building: ../src/dspcode/MatrixFunctions/arm_mat_init_q31.c
Invoking: MCU C Compiler
Invoking: MCU C Compiler
arm-none-eabi-gcc -D__REDLIB__ -DNDEBUG -D__CODE_RED -DARM_MATH_CM4 -D__FPU_PRESENT=1 -I../inc -I../inc_cmsis -O2 -g3 -c -fmessage-length=0 -fno-builtin -ffunction-sections -fdata-sections -fsingle-precision-constant -fno-strict-aliasing -fmacro-prefix-map="../src/dspcode/MatrixFunctions/"= -mcpu=cortex-m4 -mfpu=fpv4-sp-d16 -mfloat-abi=softfp -mthumb -D__REDLIB__ -fstack-usage -specs=redlib.specs -MMD -MP -MF"src/dspcode/MatrixFunctions/arm_mat_mult_f32.d" -MT"src/dspcode/MatrixFunctions/arm_mat_mult_f32.o" -MT"src/dspcode/MatrixFunctions/arm_mat_mult_f32.d" -o "src/dspcode/MatrixFunctions/arm_mat_mult_f32.o" "../src/dspcode/MatrixFunctions/arm_mat_mult_f32.c"
 
arm-none-eabi-gcc -D__REDLIB__ -DNDEBUG -D__CODE_RED -DARM_MATH_CM4 -D__FPU_PRESENT=1 -I../inc -I../inc_cmsis -O2 -g3 -c -fmessage-length=0 -fno-builtin -ffunction-sections -fdata-sections -fsingle-precision-constant -fno-strict-aliasing -fmacro-prefix-map="../src/dspcode/MatrixFunctions/"= -mcpu=cortex-m4 -mfpu=fpv4-sp-d16 -mfloat-abi=softfp -mthumb -D__REDLIB__ -fstack-usage -specs=redlib.specs -MMD -MP -MF"src/dspcode/MatrixFunctions/arm_mat_mult_fast_q15.d" -MT"src/dspcode/MatrixFunctions/arm_mat_mult_fast_q15.o" -MT"src/dspcode/MatrixFunctions/arm_mat_mult_fast_q15.d" -o "src/dspcode/MatrixFunctions/arm_mat_mult_fast_q15.o" "../src/dspcode/MatrixFunctions/arm_mat_mult_fast_q15.c"
Building file: ../src/dspcode/MatrixFunctions/arm_mat_mult_fast_q31.c
Finished building: ../src/dspcode/MatrixFunctions/arm_mat_inverse_f32.c
Invoking: MCU C Compiler
arm-none-eabi-gcc -D__REDLIB__ -DNDEBUG -D__CODE_RED -DARM_MATH_CM4 -D__FPU_PRESENT=1 -I../inc -I../inc_cmsis -O2 -g3 -c -fmessage-length=0 -fno-builtin -ffunction-sections -fdata-sections -fsingle-precision-constant -fno-strict-aliasing -fmacro-prefix-map="../src/dspcode/MatrixFunctions/"= -mcpu=cortex-m4 -mfpu=fpv4-sp-d16 -mfloat-abi=softfp -mthumb -D__REDLIB__ -fstack-usage -specs=redlib.specs -MMD -MP -MF"src/dspcode/MatrixFunctions/arm_mat_mult_fast_q31.d" -MT"src/dspcode/MatrixFunctions/arm_mat_mult_fast_q31.o" -MT"src/dspcode/MatrixFunctions/arm_mat_mult_fast_q31.d" -o "src/dspcode/MatrixFunctions/arm_mat_mult_fast_q31.o" "../src/dspcode/MatrixFunctions/arm_mat_mult_fast_q31.c"
 
Building file: ../src/dspcode/MatrixFunctions/arm_mat_mult_q15.c
Finished building: ../src/dspcode/MatrixFunctions/arm_mat_mult_f32.c
Invoking: MCU C Compiler
Finished building: ../src/dspcode/MatrixFunctions/arm_mat_mult_fast_q15.c
arm-none-eabi-gcc -D__REDLIB__ -DNDEBUG -D__CODE_RED -DARM_MATH_CM4 -D__FPU_PRESENT=1 -I../inc -I../inc_cmsis -O2 -g3 -c -fmessage-length=0 -fno-builtin -ffunction-sections -fdata-sections -fsingle-precision-constant -fno-strict-aliasing -fmacro-prefix-map="../src/dspcode/MatrixFunctions/"= -mcpu=cortex-m4 -mfpu=fpv4-sp-d16 -mfloat-abi=softfp -mthumb -D__REDLIB__ -fstack-usage -specs=redlib.specs -MMD -MP -MF"src/dspcode/MatrixFunctions/arm_mat_mult_q15.d" -MT"src/dspcode/MatrixFunctions/arm_mat_mult_q15.o" -MT"src/dspcode/MatrixFunctions/arm_mat_mult_q15.d" -o "src/dspcode/MatrixFunctions/arm_mat_mult_q15.o" "../src/dspcode/MatrixFunctions/arm_mat_mult_q15.c"
 
 
Building file: ../src/dspcode/MatrixFunctions/arm_mat_mult_q31.c
Building file: ../src/dspcode/MatrixFunctions/arm_mat_scale_f32.c
Finished building: ../src/dspcode/MatrixFunctions/arm_mat_mult_fast_q31.c
Invoking: MCU C Compiler
Invoking: MCU C Compiler
arm-none-eabi-gcc -D__REDLIB__ -DNDEBUG -D__CODE_RED -DARM_MATH_CM4 -D__FPU_PRESENT=1 -I../inc -I../inc_cmsis -O2 -g3 -c -fmessage-length=0 -fno-builtin -ffunction-sections -fdata-sections -fsingle-precision-constant -fno-strict-aliasing -fmacro-prefix-map="../src/dspcode/MatrixFunctions/"= -mcpu=cortex-m4 -mfpu=fpv4-sp-d16 -mfloat-abi=softfp -mthumb -D__REDLIB__ -fstack-usage -specs=redlib.specs -MMD -MP -MF"src/dspcode/MatrixFunctions/arm_mat_mult_q31.d" -MT"src/dspcode/MatrixFunctions/arm_mat_mult_q31.o" -MT"src/dspcode/MatrixFunctions/arm_mat_mult_q31.d" -o "src/dspcode/MatrixFunctions/arm_mat_mult_q31.o" "../src/dspcode/MatrixFunctions/arm_mat_mult_q31.c"
 
arm-none-eabi-gcc -D__REDLIB__ -DNDEBUG -D__CODE_RED -DARM_MATH_CM4 -D__FPU_PRESENT=1 -I../inc -I../inc_cmsis -O2 -g3 -c -fmessage-length=0 -fno-builtin -ffunction-sections -fdata-sections -fsingle-precision-constant -fno-strict-aliasing -fmacro-prefix-map="../src/dspcode/MatrixFunctions/"= -mcpu=cortex-m4 -mfpu=fpv4-sp-d16 -mfloat-abi=softfp -mthumb -D__REDLIB__ -fstack-usage -specs=redlib.specs -MMD -MP -MF"src/dspcode/MatrixFunctions/arm_mat_scale_f32.d" -MT"src/dspcode/MatrixFunctions/arm_mat_scale_f32.o" -MT"src/dspcode/MatrixFunctions/arm_mat_scale_f32.d" -o "src/dspcode/MatrixFunctions/arm_mat_scale_f32.o" "../src/dspcode/MatrixFunctions/arm_mat_scale_f32.c"
make[1]: *** Deleting file 'src/dspcode/MatrixFunctions/arm_mat_mult_q15.o'
make[1]: *** Deleting file 'src/dspcode/MatrixFunctions/arm_mat_mult_fast_q31.o'
make[1]: *** [src/dspcode/MatrixFunctions/subdir.mk:78: src/dspcode/MatrixFunctions/arm_mat_mult_q31.o] Interrupt
make: *** [makefile:47: all] Error 3
Command canceled

20:21:58 Build Cancelled. (took 1s.790ms)

